<?xml version="1.0" encoding="UTF-8"?>
<testng-results skipped="0" failed="1" total="2" passed="1">
  <reporter-output>
  </reporter-output>
  <suite name="Default suite" duration-ms="19041" started-at="2016-06-23T08:28:18Z" finished-at="2016-06-23T08:28:37Z">
    <groups>
    </groups>
    <test name="Default test" duration-ms="19041" started-at="2016-06-23T08:28:18Z" finished-at="2016-06-23T08:28:37Z">
      <class name="com.Selenium.ToolTipExample">
        <test-method status="PASS" signature="setUp()[pri:0, instance:com.Selenium.ToolTipExample@d2cc05a]" name="setUp" is-config="true" duration-ms="8019" started-at="2016-06-23T13:58:18Z" finished-at="2016-06-23T13:58:26Z">
          <reporter-output>
          </reporter-output>
        </test-method> <!-- setUp -->
        <test-method status="PASS" signature="toolTipCase1()[pri:0, instance:com.Selenium.ToolTipExample@d2cc05a]" name="toolTipCase1" duration-ms="3070" started-at="2016-06-23T13:58:26Z" finished-at="2016-06-23T13:58:29Z">
          <reporter-output>
          </reporter-output>
        </test-method> <!-- toolTipCase1 -->
        <test-method status="FAIL" signature="toolTipCase2()[pri:0, instance:com.Selenium.ToolTipExample@d2cc05a]" name="toolTipCase2" duration-ms="7274" started-at="2016-06-23T13:58:29Z" finished-at="2016-06-23T13:58:37Z">
          <exception class="java.lang.AssertionError">
            <message>
              <![CDATA[expected [We ask for your age only for statistical purposes.] but found [We ask for your age only for statistical purpose.]]]>
            </message>
            <full-stacktrace>
              <![CDATA[java.lang.AssertionError: expected [We ask for your age only for statistical purposes.] but found [We ask for your age only for statistical purpose.]
	at org.testng.Assert.fail(Assert.java:94)
	at org.testng.Assert.failNotEquals(Assert.java:513)
	at org.testng.Assert.assertEqualsImpl(Assert.java:135)
	at org.testng.Assert.assertEquals(Assert.java:116)
	at org.testng.Assert.assertEquals(Assert.java:190)
	at org.testng.Assert.assertEquals(Assert.java:200)
	at com.Selenium.ToolTipExample.toolTipCase2(ToolTipExample.java:58)
	at sun.reflect.NativeMethodAccessorImpl.invoke0(Native Method)
	at sun.reflect.NativeMethodAccessorImpl.invoke(NativeMethodAccessorImpl.java:62)
	at sun.reflect.DelegatingMethodAccessorImpl.invoke(DelegatingMethodAccessorImpl.java:43)
	at java.lang.reflect.Method.invoke(Method.java:498)
	at org.testng.internal.MethodInvocationHelper.invokeMethod(MethodInvocationHelper.java:86)
	at org.testng.internal.Invoker.invokeMethod(Invoker.java:646)
	at org.testng.internal.Invoker.invokeTestMethod(Invoker.java:823)
	at org.testng.internal.Invoker.invokeTestMethods(Invoker.java:1131)
	at org.testng.internal.TestMethodWorker.invokeTestMethods(TestMethodWorker.java:129)
	at org.testng.internal.TestMethodWorker.run(TestMethodWorker.java:112)
	at org.testng.TestRunner.privateRun(TestRunner.java:778)
	at org.testng.TestRunner.run(TestRunner.java:632)
	at org.testng.SuiteRunner.runTest(SuiteRunner.java:366)
	at org.testng.SuiteRunner.runSequentially(SuiteRunner.java:361)
	at org.testng.SuiteRunner.privateRun(SuiteRunner.java:319)
	at org.testng.SuiteRunner.run(SuiteRunner.java:268)
	at org.testng.SuiteRunnerWorker.runSuite(SuiteRunnerWorker.java:52)
	at org.testng.SuiteRunnerWorker.run(SuiteRunnerWorker.java:86)
	at org.testng.TestNG.runSuitesSequentially(TestNG.java:1225)
	at org.testng.TestNG.runSuitesLocally(TestNG.java:1150)
	at org.testng.TestNG.runSuites(TestNG.java:1075)
	at org.testng.TestNG.run(TestNG.java:1047)
	at org.testng.remote.AbstractRemoteTestNG.run(AbstractRemoteTestNG.java:126)
	at org.testng.remote.RemoteTestNG.initAndRun(RemoteTestNG.java:137)
	at org.testng.remote.RemoteTestNG.main(RemoteTestNG.java:58)
]]>
            </full-stacktrace>
          </exception> <!-- java.lang.AssertionError -->
          <reporter-output>
          </reporter-output>
        </test-method> <!-- toolTipCase2 -->
        <test-method status="PASS" signature="tearDown()[pri:0, instance:com.Selenium.ToolTipExample@d2cc05a]" name="tearDown" is-config="true" duration-ms="641" started-at="2016-06-23T13:58:37Z" finished-at="2016-06-23T13:58:37Z">
          <reporter-output>
          </reporter-output>
        </test-method> <!-- tearDown -->
      </class> <!-- com.Selenium.ToolTipExample -->
    </test> <!-- Default test -->
  </suite> <!-- Default suite -->
</testng-results>
